1758109490536:help
1758109495256:start
1758109511110:inbox
1758109523888:help
1758109537402:exit
1758116555209:start
1758116580439:intro
1758116626874:start
1758116632265:intro
1758116651159:exit
1758116657597:start
1758116661319:intro
1758116687911:exit
1758196051263:start
1758196073822:stacktrace
1758196133791:exit
1758196175281:start
1758196532031:exit
1758196542079:start
1758196546177:rej
1758196556187:intro
1758196559978:exit
1758196582658:start
1758196586674:intro
1758196624287:exit
1758196798715:start
1758196801257:intro
1758196810791:exit
1758196832932:start
1758196835203:intro
1758196846540:stacktrace
1758196911925:exit
1758196919215:start
1758196928366:exi
1758196930549:exit
1758196952446:start
1758197017616:exit
1758197026794:start
1758197032596:exit
1758197083733:start
1758197089282:intro
1758197091563:exit
1758197099324:start
1758197102560:intro
1758197146953:exit
1758197153757:start
1758197155777:intro
1758197161220:exit
1758197178846:start
1758197181000:intro
1758197202749:exit
1758197346886:start
1758197356846:exot
1758197359501:exit
1758197366475:start
1758197373052:intro
1758197378743:exit
1758201940749:start
1758201945231:intro
1758201958490:rej
1758202001887:rej Manas
1758202025081:exit
1758202036404:shart
1758202038713:start
1758202045209:intro
1758202048751:rej Manas
1758203171853:exit
1758203193596:start
1758203203003:intro
1758203206557:rej Manas
1758204085817:exit
1758204096141:start
1758204099666:intro
1758204102873:rej Manas
1758204108849:exi
1758204110199:exit
1758204178265:rej Manas
1758204182457:intro
1758204369349:exit
1758204375567:start
1758204377974:intro
1758204432165:exit
1758204439275:start
1758204441960:intro
1758204506478:exit
1758204517367:start
1758204519320:intro
1758205167430:start
1758205169894:intro
1758205179943:rej
1758205197063:rej Manas
1758205252486:test
1758205257782:exit
1758288724541:start
1758288729948:intro
1758288737149:rej Manas
1758288840636:start
1758288843256:intro
1758288849365:rej Manas
1758288892348:rej Manas Jawale
1758288900908:rej Manas_Jawale
1758292514190:exit
1758292534046:start
1758292541600:intro
1758292545634:rej Manas
1758292573570:exit
1758292581547:start
1758292584305:rej Manas
1758360812980:start
1758360819378:intro
1758360822692:rej
1758361237311:exit
1758361258635:start
1758361261458:intro
1758361302498:rej
1758361494241:exit
1758361503458:start
1758361506307:rej
1758361532273:exit
1758361540441:start
1758361544753:rej
1758361563218:exit
1758361572282:start
1758361574968:rej
1758435007019:start
1758435009686:intro
1758435013162:rej
1758435025673:mgame
1758435030090:mgame #0001
1758435046272:exit
1758435162663:start
1758435166554:intro
1758435170410:rej
1758435176474:mgamg
1758435178867:mgame
1758435209514:exit
1758435217498:start
1758435221331:intro
1758435223032:rej
1758435229080:mgame
1758435257657:stacktrace
1758435399321:exit
1758435566294:start
1758435574303:intro
1758435577545:rej
1758435585443:mgame
1758435718175:exit
1758435729078:start
1758435731184:intro
1758435732659:rej
1758435739970:mgame
1758435746872:stacktrace
1758435766983:exit
1758435953441:start
1758435956141:intro
1758435957526:rej
1758435963253:mgame
1758436039299:exit
1758436051512:start
1758436054052:intro
1758436055415:rej
1758436063015:mgame
1758436069491:stacktrace
1758436102774:exit
1758436114709:start
1758436120816:intro
1758436123470:rej
1758436127676:mgame
1758436134802:stacktrace
1758436156311:exit
1758436168583:start
1758436170327:intro
1758436173079:rej
1758436177271:mgame
1758436225943:exit
1758436239319:start
1758436240841:intro
1758436242215:rej
1758436245798:mgame
1758436248799:exi
1758436250787:exit
1758436283541:start
1758436285808:intro
1758436287558:rej
1758436291877:mgame
1758436322878:exit
1758436328592:start
1758436331670:rej
1758436337195:mgame
1758436373808:exit
1758436382150:start
1758436385189:mgame
1758436409093:exit
1758436415940:start
1758436418407:mgame
1758436623157:exit
1758436629954:start
1758436632133:mgame
1758436798485:exit
1758436804405:start
1758436809381:mgame
1758436847523:exit
1758436853444:start
1758436855813:mgame
1758436911932:exut
1758436913658:exit
1758436920500:start
1758436923098:mgame
1758437102323:ext
1758437103700:exit
1758437128484:start
1758437133573:intro
1758437150180:exit
1758437161140:start
1758437163893:intro
1758437167238:rej
1758437173684:mgame
1758437404243:exit
1758437427539:start
1758437445107:intro
1758437451555:rej
1758437471795:mgame #0001
1758437481427:exirt
1758437482819:exit
1758444906985:start
1758444914217:intro
1758444918920:rej
1758444973193:mgame 456e747261e636554657374
1758458194921:start
1758458199838:intro
1758458211942:rej
1758458235405:mgame 456e7472616e636554657374
1758458383941:t
1758458386979:sartstrt
1758458417347:tsar
1758458420659:tat
1758458423267:estart
1758458425411:ttsx
1758458438803:t
1758458697193:start
1758458700859:System.setProperty("java.awt.headless", "false");
1758458707505:rej
1758458717737:mgame 456e7472616e636554657374
1758458875439:exit
1758458961426:start
1758458965131:intro
1758458967688:rej
1758459185960:exit
1758466813967:start
1758466817749:intro
1758466821013:rej
1758466834677:mgame 456e7472616e636554657374
1758466845412:exit
1758524461787:start
1758524466715:intro
1758524469819:rej
1758524480139:mgame 456e7472616e636554657374
1758634958950:start
1758634966806:intro
1758634968757:rej
1758634977606:mgame 456e7472616e636554657374
1758635010789:inbox
1758635043398:exit
1758635051669:start
1758635055398:intro
1758635057029:rej
1758635062453:exiy
1758635064438:exit
1758635920082:art
1758635923218:start
1758636012930:intro
1758636014305:rej
1758636021698:mgame 456e7472616e636554657374
1758636196209:exit
1758636204401:start
1758636209857:rej
1758636213778:y
1758712222046:start
1758712224142:rej
1758712232447:mgame 456e7472616e636554657374
1758714673471:start
1758714676319:intro
1758714677424:re
1758714678543:rej
1758714686420:mgame 456e7472616e636554657374
1758799101174:start
1758799104581:rej
1758799131094:mgame 456e7472616e636554657374
1758799368949:inbox 45736361706554686544656570576f726c64
1758799376757:stacktrace
1758799477439:start
1758799479572:rej
1758799495659:mgame 456e7472616e636554657374
1758799545269:inbox 45736361706554686544656570576f726c64
1758799553445:stacktrace
1758799932692:start
1758799935371:rej
1758799942835:mgame 456e7472616e636554657374
1758813914599:start
1758813917752:intro
1758813925783:inbox 45736361706554686544656570576f726c64
1758885961275:start
1758885964523:mgame 456e7472616e636554657374
1758886003180:inbox 45736361706554686544656570576f726c64
1758886682537:mgame 456e7472616e636554657374
1758886716858:daaaaawabx56570576f726c64
1758886725033:ino 457363sa
1758886728265:daaaadd
1758886730313:df
1758886731403:adsas
1758886731625:s
1758886732025:ss
1758886732232:s
1758886732425:ss
1758886752776:inox736361706554665446567576f726c64
1758886756218:exit
1758886778744:start
1758886780873:intro
1758886782169:rej
1758886789513:mgame 456e7472616e636554657374
1758886817689:inbox 45736361706554686544656570576f726c64
1758886940889:exit
1758894576682:choice 4c6976654f72446965
1758894583081:start
1758894585033:choice 4c6976654f72446965
1758894604933:exit
1758970125074:start
1758970127490:intro
1758970128769:rej
1758970142866:mgame 456e7472616e636554657374
1758970192562:4sdas6726c64
1758970206961:inbox 5736361706554686544656570576f726c64
1758970216595:inbox 45736361706554686544656570576f726c64
1758970233969:choice 4c6976654f72446965
1758970469393:start
1758970477073:intro
1758970524914:rej
1758970532737:choice 4c6976654f72446965
1758970543152:n
1758970546641:choice 4c6976654f72446965
1758971930796:show-game-info
1758972430443:start
1758972434171:intro
1758972435532:rej
1758972449324:mgame 456e7472616e636554657374
1758974973958:show-game-info
1758978607091:start
1758978610739:show-game-info
1758978614386:start
1758978617411:show-game-info
1758978710610:start
1758978713282:show-game-info
1758978730659:start
1758978756514:rej
1758978764642:mgame 456e7472616e636554657374
1758978910642:start
1758978913841:intro
1758978915154:rej
1758978921458:mgame 456e7472616e636554657374
1758978948754:inbox 45736361706554686544656570576f726c64
1758979404800:start
1758979408048:intro
1758979410113:rej
1758979418064:mgame 456e7472616e636554657374
1758979442545:inbox 45736361706554686544656570576f726c64
1758979650111:start
1758979654176:mgame 456e7472616e636554657374
1758981862425:start
1758981864137:mgame 456e7472616e636554657374
1758981878137:inbox 45736361706554686544656570576f726c64
1758981982183:mgame 456e7472616e636554657374
1758981998568:inbox 45736361706554686544656570576f726c64
1758982005305:choice 4c6976654f72446965
1758982103032:time-travel  32346a756c7932303235
1758982429560:time-travel 32342d372d32313535
1758982452471:stacktrace
1758982539095:time-travel 32342d372d32313535
1759042626031:start
1759043002445:intro
1759043003453:rej
1759043009821:mgame 456e7472616e636554657374
1759043036222:inbox 45736361706554686544656570576f726c64
1759043058061:choice 4c6976654f72446965
1759043085661:time-travel 32342d372d32313535
1759043094573:show-game-info
1759043124045:inbox 43686f696365
1759043540204:start
1759043543612:intro
1759043545484:rej
1759043552684:mgame 456e7472616e636554657374
1759043568620:inbox 45736361706554686544656570576f726c64
1759043575500:choice 4c6976654f72446965
1759043586796:inbox 43686f696365
1759044144778:choice 4c6976654f72446965
1759044154922:inbox 43686f696365
1759044379209:start
1759044381561:intro
1759044383673:rej
1759044395385:mgame 456e7472616e636554657374
1759044409321:inbox 45736361706554686544656570576f726c64
1759044443017:choice 4c6976654f72446965
1759044455161:inbox 43686f696365
1759049441967:help
1759049606012:version
1759049617369:script
1759049625805:script UtilFuncs.java
1759049643390:clear
1759049680711:ta
1759049682621:srttt
1759049685245:art
1759049695677:tasar
1759049697260:s
1759049720044:start
1759049722249:intro
1759049724173:rej
1759049731021:mgame 456e7472616e636554657374
1759049760941:inbox 45736361706554686544656570576f726c64
1759054981164:start
1759054989627:intro
1759054997066:rej
1759055004106:mgame 456e7472616e636554657374
1759055033482:inbox 45736361706554686544656570576f726c64
1759055065612:choice 4c6976654f72446965
1759055093945:inbox 43686f696365
1759055169146:exit
1759055360331:start
1759055364665:intro
1759055366648:rej
1759055383706:mgame 456e7472616e636554657374
1759055435305:inbox 45736361706554686544656570576f726c64
1759055468969:choice 4c6976654f72446965
1759055492633:inbox 43686f696365
1759055567193:exit
1759068199857:start
1759161460465:intro
1759161461696:rej
1759161468161:mgame 456e7472616e636554657374
1759161487552:inbox 45736361706554686544656570576f726c64
1759161520736:choice 4c6976654f72446965
1759161540160:inbox 43686f696365
1759165728772:web-image 4141414141484848
1759165919475:web-image 41414141414848482e706e67
1759232019452:web-image 4141414141484848
1759232149654:start
1759232191117:t
1759232192768:rt
1759232237883:web-image
1759232249704:web-image 41414141414848482e706e67
1759232350613:web-image67652f4141414141e706e67
1759232360823:web-image67652f414 1414141e706e67
1759232383675:web-image 2f696d6167652f41414141414848482e706e67
1759241688498:show-game-info
1760251869283:intro
1760251873390:start
1760251892238:rej
1760251912514:mgame 456e7472616e636554657374
1760251918718:stacktrace
1760259760963:inbox
1760259809569:stacktrace
1760260007810:inbox
1760260544544:stacktrace
1760260634432:inbox
1760260952063:ample
1760260954143:sampe
1760260962143:amle
1760260963519:spale
1760260965967:smpcs
1760260966575:s
1760260968144:smpcs
1760260970382:sample
1760262102188:inbox
1760262648682:stacktrace
1760263126440:inbox
1760263128888:stacktrace
1760263154936:inbox
1760263170201:stacktrace
1760263274264:inbox
1760264338182:stacktrace
1760264369413:nbx
1760264370887:ix
1760264383526:oinbox
1760264386549:inbnox
1760264390149:iin
1760264391158:inbox
1760264402068:inboxf
1760264403221:l
1760264430117:inbox
1760264603797:l
1760264605525:s
1760264608500:inbox
1760264611172:inbox
1760269280446:inboxccio
1760269330318:inbox'\nasd\n\nasd\n\n\n\n\n\n\n\n\n\n\n\n\n\n\na;'
1760269333005:inbox
1760269415549:n
1760269417005:x
1760269418304:no
1760269419677:n
1760269432493:inbo
1760269434445:xinbox
1760269435821:inbox
1760269460126:nbox
1760269461612:ciinbo
1760269462845:inx
1760269578829:nboxi
1760269580364:nboxbx
1760269686829:nboxinb
1760269688077:oxx
1760269689133:inbon
1760269692092:io
1760269693452:iboinbxnbox
1760269694527:no
1760269695580:iibxbox
1760269696748:innb
1760269697740:inb
1760269902204:inbox
1760270131018:start
1760270141643:intro
1760270143132:rej
1760270150158:mgame 456e7472616e636554657374
1760270174507:inbox
1760277508853:start
1760277515231:intro
1760277516511:rej
1760277523009:mgame 456e7472616e636554657374
1760277545507:inbox 45736361706554686544656570576f726c64
1760277856622:nox
1760277858238:i
1760277867165:inbox 45736361706554686544656570576f726c64ix
1760277872895:nboinbox
1760277874526:inbox
1760278000797:n
1760278001998:x
1760278003132:inbox
1760278062045:n
1760278063469:l
1760278067757:cc
1760278068750:ioscsclsssl
1760278179021:inbox
1760278315100:oibx
1760278317085:noinbox
1760278318140:inbox
1760278365501:s
1760278367101:noinbodfix
1760278368525:nboi
1760278369357:nbox
1760278370940:inboxib
1760278371980:inbo
1760278373084:ox
1760278374124:inbox
1760278381773:l
1760278384876:cscl
1760278389356:cls
1760278677452:start
1760278688811:intro
1760278691194:rej
1760278705408:mgame 456e7472616e636554657374
1760278749579:inbox
1760279415161:t
1760279417001:st
1760279418761:s
1760279419769:start
1760279422394:e
1760279423130:r
1760279423769:inboxsartarttartrjejej
1760279424986:rrej
1760279425817:rej
1760279433660:mgame 456e7472616e636554657374
1760279445305:inbox
1760279498170:sinbx
1760279499146:oi
1760279500040:nboxinbox
1760279501353:inbox
1760279764376:nboxinbox
1760279767672:nbox
1760279768761:ibox
1760279770552:inbox
1760279778504:csc
1760279780025:l
1760279865736:inbox
1760279885448:nbx
1760279887304:inb
1760279888519:iooxiox
1760279889623:nbb
1760279890617:ino
1760279891656:ib
1760279894119:inoxbxnoxnoxinbx
1760279895129:i
1760279896489:x
1760279897561:onboxinboinbox
1760279898552:nb
1760279900728:e
1760279902216:ioxxitet
1760279903176:xt
1760279904199:exit
1760279907176:xieiexit
1760279909207:exit
1760279920936:inbox
1760280268790:sart
1760280271126:tinbox
1760280273479:start
1760280281734:intro
1760280283191:rej
1760280288282:mgame 456e7472616e636554657374
1760280304023:inbox
1760280428311:start
1760280431142:rej
1760280437737:mgame 456e7472616e636554657374
1760280449542:ainbox
1760280450871:inbox
1760280793126:start
1760280795030:rej
1760280801224:mgame 456e7472616e636554657374
1760280826886:inbox
1760280930245:x
1760280931878:b
1760280933365:inboxinboinoxnb
1760280934534:ioxnbox
1760280935606:inbox
1760280980885:sibo
1760280981973:ox
1760280982981:inbox
1760281049173:bx
1760281050149:inbo
1760281051524:inboxinoxnx
1760281052485:inbo
1760281053412:nbox
1760281054390:nx
1760281055365:b
1760281056501:i
1760281057445:iboxiiboinoxnboxbox
1760281058437:ininbox
1760281060133:x
1760281061764:inox
1760281062741:inbo binx
1760281063749:boino
1760281065717:bxnx
1760281066756:n
1760281068564:inox
1760281083958:inbox
1760281119029:inox
1760281134164:inbox
1760281149317:io
1760281150372:nbxnbox
1760281160228:n
1760281161381:iboibox
1760281162420:nbx
1760281279418:inbox
1760281426549:inbostasf
1760281430645:strt
1760281432131:aar
1760281433251:sttar
1760281434275:sttstart
1760281436244:st
1760281437300:srt
1760281438900:arttac
1760281440933:cex
1760281477668:stat
1760281479155:start
1760281480739:dsfje
1760281481796:sdfsj
1760281566434:inbox
1760281625874:intro
1760281629187:inbox
1760281650962:s./r
1760281673700:inbox
1760282007786:scl
1760282033958:inbox
1760282135237:ix
1760282137008:nboinbox
1760282138135:inbox
1760282147635:cl
1760282162637:lscccls/n.n/r
1760282187777:inbox
1760353072517:start
1760353074949:rej
1760353081464:mgame 456e7472616e636554657374
1760353136389:start
1760353138309:rej
1760353140869:mgame 456e7472616e636554657374
1760353502100:me 4e636554657374
1760353503124:mgame 456e7472616e636554657374sdwdawaaddddwwmga56e747261672616e636554657374
1760353504132:m6e636554657374
1760353506068:mgame 456e74mgae 456e747261mgame 456e7472616e636554657374
1760353506741:mgame 456e7472616e636554657374
1760353511876:sdawdcls
1760353512724:cls
1760353561859:mgame 456e7472616e636554657374
1760353596484:sdawdclslll
1760353623155:mgame 456e7472616e636554657374
1760353708403:S
1760353709619:CLS
1760353712307:cl
1760353713829:sexit
1760353716179:exit
1760353717139:exit
1760353822340:mgame 456e7472616e636554657374
1760353848835:inbox 45736361706554686544656570576f726c64
